[2025-04-20 13:57:27] [ERROR]:Erreur lors de l'inscription notNull Violation: User.phone cannot be null
[2025-04-20 14:01:29] [INFO]:Liste des utilisateurs récupérée
[2025-04-20 14:18:56] [INFO]:Liste des utilisateurs récupérée
[2025-04-20 14:22:06] [ERROR]:Erreur lors de la récupération des utilisateurs Cannot read properties of undefined (reading 'map')
[2025-04-20 14:23:36] [INFO]:Liste des utilisateurs récupérée
[2025-04-20 14:26:21] [INFO]:Liste des utilisateurs récupérée
[2025-04-21 00:10:45] [INFO]:Liste des utilisateurs récupérée
[2025-04-21 00:11:20] [INFO]:Liste des utilisateurs récupérée
[2025-04-21 00:11:21] [INFO]:Liste des utilisateurs récupérée
[2025-04-21 00:11:21] [INFO]:Liste des utilisateurs récupérée
[2025-04-21 00:11:21] [INFO]:Liste des utilisateurs récupérée
[2025-04-21 00:11:21] [INFO]:Liste des utilisateurs récupérée
[2025-04-21 00:11:21] [INFO]:Liste des utilisateurs récupérée
[2025-04-21 00:11:22] [INFO]:Liste des utilisateurs récupérée
[2025-04-21 00:11:22] [INFO]:Liste des utilisateurs récupérée
[2025-04-21 00:11:22] [INFO]:Liste des utilisateurs récupérée
[2025-04-21 00:11:22] [INFO]:Liste des utilisateurs récupérée
[2025-04-21 00:11:22] [INFO]:Liste des utilisateurs récupérée
[2025-04-21 00:11:23] [INFO]:Liste des utilisateurs récupérée
[2025-04-21 00:11:23] [INFO]:Liste des utilisateurs récupérée
[2025-04-21 00:11:23] [INFO]:Liste des utilisateurs récupérée
[2025-04-21 00:11:23] [INFO]:Liste des utilisateurs récupérée
[2025-04-21 00:11:23] [INFO]:Liste des utilisateurs récupérée
[2025-04-21 00:11:24] [INFO]:Liste des utilisateurs récupérée
[2025-04-21 00:11:24] [INFO]:Liste des utilisateurs récupérée
[2025-04-21 00:11:24] [INFO]:Liste des utilisateurs récupérée
[2025-04-21 00:11:24] [INFO]:Liste des utilisateurs récupérée
[2025-04-21 00:11:24] [INFO]:Liste des utilisateurs récupérée
[2025-04-21 00:11:25] [INFO]:Liste des utilisateurs récupérée
[2025-04-21 00:11:25] [INFO]:Liste des utilisateurs récupérée
[2025-04-21 00:11:25] [INFO]:Liste des utilisateurs récupérée
[2025-04-21 00:11:25] [INFO]:Liste des utilisateurs récupérée
[2025-04-21 00:11:26] [INFO]:Liste des utilisateurs récupérée
[2025-04-21 00:11:26] [INFO]:Liste des utilisateurs récupérée
[2025-04-21 00:11:26] [INFO]:Liste des utilisateurs récupérée
[2025-04-21 00:11:26] [INFO]:Liste des utilisateurs récupérée
[2025-04-21 00:11:26] [INFO]:Liste des utilisateurs récupérée
[2025-04-21 00:11:26] [INFO]:Liste des utilisateurs récupérée
[2025-04-21 00:11:27] [INFO]:Liste des utilisateurs récupérée
[2025-04-21 00:11:27] [INFO]:Liste des utilisateurs récupérée
[2025-04-21 00:11:27] [INFO]:Liste des utilisateurs récupérée
[2025-04-21 00:11:27] [INFO]:Liste des utilisateurs récupérée
[2025-04-21 00:11:28] [INFO]:Liste des utilisateurs récupérée
[2025-04-21 00:11:28] [INFO]:Liste des utilisateurs récupérée
[2025-04-21 00:11:28] [INFO]:Liste des utilisateurs récupérée
[2025-04-21 00:11:28] [INFO]:Liste des utilisateurs récupérée
[2025-04-21 00:11:28] [INFO]:Liste des utilisateurs récupérée
[2025-04-21 00:11:28] [INFO]:Liste des utilisateurs récupérée
[2025-04-21 00:11:29] [INFO]:Liste des utilisateurs récupérée
[2025-04-21 00:11:29] [INFO]:Liste des utilisateurs récupérée
[2025-04-21 00:11:29] [INFO]:Liste des utilisateurs récupérée
[2025-04-21 00:11:29] [INFO]:Liste des utilisateurs récupérée
[2025-04-21 00:11:29] [INFO]:Liste des utilisateurs récupérée
[2025-04-21 00:11:30] [INFO]:Liste des utilisateurs récupérée
[2025-04-21 00:11:30] [INFO]:Liste des utilisateurs récupérée
[2025-04-21 00:11:30] [INFO]:Liste des utilisateurs récupérée
[2025-04-21 00:11:30] [INFO]:Liste des utilisateurs récupérée
[2025-04-21 00:11:30] [INFO]:Liste des utilisateurs récupérée
[2025-04-21 00:11:31] [INFO]:Liste des utilisateurs récupérée
[2025-04-21 00:11:31] [INFO]:Liste des utilisateurs récupérée
[2025-04-21 00:11:31] [INFO]:Liste des utilisateurs récupérée
[2025-04-21 00:11:31] [INFO]:Liste des utilisateurs récupérée
[2025-04-21 00:11:31] [INFO]:Liste des utilisateurs récupérée
[2025-04-21 00:11:32] [INFO]:Liste des utilisateurs récupérée
[2025-04-21 00:11:32] [INFO]:Liste des utilisateurs récupérée
[2025-04-21 00:11:32] [INFO]:Liste des utilisateurs récupérée
[2025-04-21 00:11:32] [INFO]:Liste des utilisateurs récupérée
[2025-04-21 00:15:06] [INFO]:Liste des utilisateurs récupérée
[2025-04-21 00:15:06] [INFO]:Liste des utilisateurs récupérée
[2025-04-21 00:15:07] [INFO]:Liste des utilisateurs récupérée
[2025-04-21 00:22:43] [INFO]:Liste des utilisateurs récupérée
[2025-04-21 00:22:44] [INFO]:Liste des utilisateurs récupérée
[2025-04-21 00:22:44] [INFO]:Liste des utilisateurs récupérée
[2025-04-21 00:22:44] [WARN]:Rate limit atteint pour l'IP : ::ffff:127.0.0.1 - URL : /api/user/users
[2025-04-21 23:11:40] [INFO]:Service créé avec succès: Coiffure à domicile
[2025-04-21 23:13:47] [INFO]:Service créé avec succès: Coiffure à domicile
[2025-04-21 23:13:48] [INFO]:Service créé avec succès: Coiffure à domicile
[2025-04-21 23:13:48] [WARN]:Rate limit atteint pour l'IP : ::ffff:127.0.0.1 - URL : /api/services
[2025-04-21 23:14:01] [WARN]:Rate limit atteint pour l'IP : ::ffff:127.0.0.1 - URL : /api/services
[2025-04-21 23:14:03] [WARN]:Rate limit atteint pour l'IP : ::ffff:127.0.0.1 - URL : /api/services
[2025-04-21 23:14:27] [WARN]:Rate limit atteint pour l'IP : ::ffff:127.0.0.1 - URL : /api/services
[2025-04-21 23:14:28] [WARN]:Rate limit atteint pour l'IP : ::ffff:127.0.0.1 - URL : /api/services
[2025-04-21 23:14:39] [WARN]:Rate limit atteint pour l'IP : ::ffff:127.0.0.1 - URL : /api/services
[2025-04-21 23:15:29] [INFO]:Récupération de 5 services.
[2025-04-21 23:15:34] [INFO]:Récupération de 5 services.
[2025-04-21 23:15:53] [INFO]:Service avec ID 3 récupéré.
[2025-04-21 23:17:48] [WARN]:Rate limit atteint pour l'IP : ::ffff:127.0.0.1 - URL : /api/services/3
[2025-04-21 23:18:44] [INFO]:Service avec ID 3 mis à jour.
[2025-04-21 23:18:52] [INFO]:HTTP PUT /api/services
[2025-04-21 23:19:07] [INFO]:Récupération de 5 services.
[2025-04-27 14:06:39] [INFO]:Liste des utilisateurs récupérée
[2025-04-27 14:18:22] [ERROR]: Erreur lors de l'inscription notNull Violation: User.phone cannot be null
